<?xml version="1.0" encoding="UTF-8"?>
<testng-results ignored="0" total="1" passed="1" failed="0" skipped="0">
  <reporter-output>
  </reporter-output>
  <suite started-at="2025-01-15T08:56:05 IST" name="Default suite" finished-at="2025-01-15T08:56:17 IST" duration-ms="11746">
    <groups>
    </groups>
    <test started-at="2025-01-15T08:56:05 IST" name="Default test" finished-at="2025-01-15T08:56:17 IST" duration-ms="11746">
      <class name="testscriptsample.LoginPageTestSample">
        <test-method is-config="true" signature="initilaizeBrowser()[pri:0, instance:testscriptsample.LoginPageTestSample@1573f9fc]" started-at="2025-01-15T08:56:05 IST" name="initilaizeBrowser" finished-at="2025-01-15T08:56:15 IST" duration-ms="9328" status="PASS">
          <reporter-output>
          </reporter-output>
        </test-method> <!-- initilaizeBrowser -->
        <test-method signature="verifyUserLoginwithvalidcredentials()[pri:0, instance:testscriptsample.LoginPageTestSample@1573f9fc]" started-at="2025-01-15T08:56:15 IST" name="verifyUserLoginwithvalidcredentials" finished-at="2025-01-15T08:56:17 IST" duration-ms="2373" status="PASS">
          <reporter-output>
          </reporter-output>
        </test-method> <!-- verifyUserLoginwithvalidcredentials -->
        <test-method is-config="true" signature="driverQuit()[pri:0, instance:testscriptsample.LoginPageTestSample@1573f9fc]" started-at="2025-01-15T08:56:17 IST" name="driverQuit" finished-at="2025-01-15T08:56:17 IST" duration-ms="0" status="PASS">
          <reporter-output>
          </reporter-output>
        </test-method> <!-- driverQuit -->
      </class> <!-- testscriptsample.LoginPageTestSample -->
    </test> <!-- Default test -->
  </suite> <!-- Default suite -->
</testng-results>
